<?xml version="1.0" encoding="UTF-8"?>
<testsuite name="els.eu.sharelibs.gradle.integration.LibraryTest" tests="1" skipped="0" failures="0" errors="0" timestamp="2021-02-16T13:22:59" hostname="ICORSUN-TECH-PC" time="0.003">
  <properties/>
  <testcase name="testSomeLibraryMethod" classname="els.eu.sharelibs.gradle.integration.LibraryTest" time="0.003"/>
  <system-out><![CDATA[]]></system-out>
  <system-err><![CDATA[]]></system-err>
</testsuite>
